{"C:\\Users\\USUARIO\\Desktop\\StudyMate\\code-structure\\backend\\auth-service\\src\\config\\database.ts": {"path":"C:\\Users\\USUARIO\\Desktop\\StudyMate\\code-structure\\backend\\auth-service\\src\\config\\database.ts","statementMap":{"0":{"start":{"line":1,"column":0},"end":{"line":1,"column":38}},"1":{"start":{"line":2,"column":0},"end":{"line":2,"column":28}},"2":{"start":{"line":4,"column":0},"end":{"line":4,"column":16}},"3":{"start":{"line":7,"column":18},"end":{"line":27,"column":2}},"4":{"start":{"line":29,"column":9},"end":{"line":29,"column":18}},"5":{"start":{"line":32,"column":28},"end":{"line":40,"column":1}},"6":{"start":{"line":33,"column":2},"end":{"line":39,"column":3}},"7":{"start":{"line":34,"column":4},"end":{"line":34,"column":35}},"8":{"start":{"line":35,"column":4},"end":{"line":35,"column":67}},"9":{"start":{"line":37,"column":4},"end":{"line":37,"column":65}},"10":{"start":{"line":38,"column":4},"end":{"line":38,"column":16}},"11":{"start":{"line":32,"column":13},"end":{"line":32,"column":28}},"12":{"start":{"line":43,"column":28},"end":{"line":51,"column":1}},"13":{"start":{"line":44,"column":2},"end":{"line":50,"column":3}},"14":{"start":{"line":45,"column":4},"end":{"line":45,"column":36}},"15":{"start":{"line":46,"column":4},"end":{"line":46,"column":57}},"16":{"start":{"line":48,"column":4},"end":{"line":48,"column":60}},"17":{"start":{"line":49,"column":4},"end":{"line":49,"column":16}},"18":{"start":{"line":43,"column":13},"end":{"line":43,"column":28}},"19":{"start":{"line":53,"column":0},"end":{"line":53,"column":25}}},"fnMap":{"0":{"name":"(anonymous_1)","decl":{"start":{"line":32,"column":28},"end":{"line":32,"column":33}},"loc":{"start":{"line":32,"column":54},"end":{"line":40,"column":1}}},"1":{"name":"(anonymous_2)","decl":{"start":{"line":43,"column":28},"end":{"line":43,"column":33}},"loc":{"start":{"line":43,"column":67},"end":{"line":51,"column":1}}}},"branchMap":{"0":{"loc":{"start":{"line":8,"column":12},"end":{"line":8,"column":50}},"type":"binary-expr","locations":[{"start":{"line":8,"column":12},"end":{"line":8,"column":31}},{"start":{"line":8,"column":35},"end":{"line":8,"column":50}}]},"1":{"loc":{"start":{"line":9,"column":12},"end":{"line":9,"column":50}},"type":"binary-expr","locations":[{"start":{"line":9,"column":12},"end":{"line":9,"column":35}},{"start":{"line":9,"column":39},"end":{"line":9,"column":50}}]},"2":{"loc":{"start":{"line":10,"column":12},"end":{"line":10,"column":52}},"type":"binary-expr","locations":[{"start":{"line":10,"column":12},"end":{"line":10,"column":35}},{"start":{"line":10,"column":39},"end":{"line":10,"column":52}}]},"3":{"loc":{"start":{"line":11,"column":8},"end":{"line":11,"column":42}},"type":"binary-expr","locations":[{"start":{"line":11,"column":8},"end":{"line":11,"column":27}},{"start":{"line":11,"column":31},"end":{"line":11,"column":42}}]},"4":{"loc":{"start":{"line":12,"column":17},"end":{"line":12,"column":46}},"type":"binary-expr","locations":[{"start":{"line":12,"column":17},"end":{"line":12,"column":36}},{"start":{"line":12,"column":40},"end":{"line":12,"column":46}}]},"5":{"loc":{"start":{"line":14,"column":11},"end":{"line":14,"column":71}},"type":"cond-expr","locations":[{"start":{"line":14,"column":52},"end":{"line":14,"column":63}},{"start":{"line":14,"column":66},"end":{"line":14,"column":71}}]},"6":{"loc":{"start":{"line":43,"column":35},"end":{"line":43,"column":48}},"type":"default-arg","locations":[{"start":{"line":43,"column":43},"end":{"line":43,"column":48}}]}},"s":{"0":3,"1":3,"2":3,"3":3,"4":3,"5":3,"6":0,"7":0,"8":0,"9":0,"10":0,"11":3,"12":3,"13":0,"14":0,"15":0,"16":0,"17":0,"18":3,"19":3},"f":{"0":0,"1":0},"b":{"0":[3,0],"1":[3,0],"2":[3,0],"3":[3,0],"4":[3,0],"5":[0,3],"6":[0]}}
,"C:\\Users\\USUARIO\\Desktop\\StudyMate\\code-structure\\backend\\auth-service\\src\\config\\environment.ts": {"path":"C:\\Users\\USUARIO\\Desktop\\StudyMate\\code-structure\\backend\\auth-service\\src\\config\\environment.ts","statementMap":{"0":{"start":{"line":1,"column":0},"end":{"line":1,"column":24}},"1":{"start":{"line":4,"column":18},"end":{"line":34,"column":2}},"2":{"start":{"line":39,"column":30},"end":{"line":46,"column":1}},"3":{"start":{"line":40,"column":2},"end":{"line":45,"column":3}},"4":{"start":{"line":41,"column":4},"end":{"line":41,"column":40}},"5":{"start":{"line":43,"column":4},"end":{"line":43,"column":65}},"6":{"start":{"line":44,"column":4},"end":{"line":44,"column":20}},"7":{"start":{"line":39,"column":13},"end":{"line":39,"column":30}},"8":{"start":{"line":49,"column":13},"end":{"line":49,"column":39}}},"fnMap":{"0":{"name":"(anonymous_0)","decl":{"start":{"line":39,"column":30},"end":{"line":39,"column":44}},"loc":{"start":{"line":39,"column":46},"end":{"line":46,"column":1}}}},"branchMap":{},"s":{"0":0,"1":0,"2":0,"3":0,"4":0,"5":0,"6":0,"7":0,"8":0},"f":{"0":0},"b":{}}
,"C:\\Users\\USUARIO\\Desktop\\StudyMate\\code-structure\\backend\\auth-service\\src\\controllers\\AuthController.ts": {"path":"C:\\Users\\USUARIO\\Desktop\\StudyMate\\code-structure\\backend\\auth-service\\src\\controllers\\AuthController.ts","statementMap":{"0":{"start":{"line":2,"column":0},"end":{"line":2,"column":53}},"1":{"start":{"line":3,"column":0},"end":{"line":3,"column":36}},"2":{"start":{"line":4,"column":0},"end":{"line":4,"column":28}},"3":{"start":{"line":5,"column":0},"end":{"line":5,"column":33}},"4":{"start":{"line":6,"column":0},"end":{"line":6,"column":89}},"5":{"start":{"line":7,"column":0},"end":{"line":7,"column":78}},"6":{"start":{"line":15,"column":4},"end":{"line":79,"column":5}},"7":{"start":{"line":17,"column":21},"end":{"line":17,"column":42}},"8":{"start":{"line":18,"column":6},"end":{"line":25,"column":7}},"9":{"start":{"line":19,"column":8},"end":{"line":23,"column":11}},"10":{"start":{"line":24,"column":8},"end":{"line":24,"column":15}},"11":{"start":{"line":27,"column":73},"end":{"line":27,"column":81}},"12":{"start":{"line":30,"column":27},"end":{"line":30,"column":67}},"13":{"start":{"line":31,"column":6},"end":{"line":37,"column":7}},"14":{"start":{"line":32,"column":8},"end":{"line":35,"column":11}},"15":{"start":{"line":36,"column":8},"end":{"line":36,"column":15}},"16":{"start":{"line":40,"column":37},"end":{"line":40,"column":75}},"17":{"start":{"line":41,"column":39},"end":{"line":41,"column":81}},"18":{"start":{"line":44,"column":19},"end":{"line":52,"column":8}},"19":{"start":{"line":55,"column":6},"end":{"line":63,"column":7}},"20":{"start":{"line":56,"column":8},"end":{"line":56,"column":67}},"21":{"start":{"line":58,"column":8},"end":{"line":58,"column":100}},"22":{"start":{"line":60,"column":8},"end":{"line":62,"column":9}},"23":{"start":{"line":61,"column":10},"end":{"line":61,"column":53}},"24":{"start":{"line":65,"column":6},"end":{"line":71,"column":9}},"25":{"start":{"line":74,"column":6},"end":{"line":74,"column":49}},"26":{"start":{"line":75,"column":6},"end":{"line":78,"column":9}},"27":{"start":{"line":86,"column":4},"end":{"line":123,"column":5}},"28":{"start":{"line":87,"column":24},"end":{"line":87,"column":34}},"29":{"start":{"line":89,"column":19},"end":{"line":96,"column":8}},"30":{"start":{"line":98,"column":6},"end":{"line":104,"column":7}},"31":{"start":{"line":99,"column":8},"end":{"line":102,"column":11}},"32":{"start":{"line":103,"column":8},"end":{"line":103,"column":15}},"33":{"start":{"line":107,"column":6},"end":{"line":107,"column":32}},"34":{"start":{"line":108,"column":6},"end":{"line":108,"column":46}},"35":{"start":{"line":109,"column":6},"end":{"line":109,"column":48}},"36":{"start":{"line":110,"column":6},"end":{"line":110,"column":24}},"37":{"start":{"line":112,"column":6},"end":{"line":115,"column":9}},"38":{"start":{"line":118,"column":6},"end":{"line":118,"column":62}},"39":{"start":{"line":119,"column":6},"end":{"line":122,"column":9}},"40":{"start":{"line":130,"column":4},"end":{"line":243,"column":5}},"41":{"start":{"line":131,"column":21},"end":{"line":131,"column":42}},"42":{"start":{"line":132,"column":6},"end":{"line":139,"column":7}},"43":{"start":{"line":133,"column":8},"end":{"line":137,"column":11}},"44":{"start":{"line":138,"column":8},"end":{"line":138,"column":15}},"45":{"start":{"line":141,"column":49},"end":{"line":141,"column":57}},"46":{"start":{"line":144,"column":19},"end":{"line":144,"column":59}},"47":{"start":{"line":145,"column":6},"end":{"line":151,"column":7}},"48":{"start":{"line":146,"column":8},"end":{"line":149,"column":11}},"49":{"start":{"line":150,"column":8},"end":{"line":150,"column":15}},"50":{"start":{"line":154,"column":6},"end":{"line":160,"column":7}},"51":{"start":{"line":155,"column":8},"end":{"line":158,"column":11}},"52":{"start":{"line":159,"column":8},"end":{"line":159,"column":15}},"53":{"start":{"line":163,"column":6},"end":{"line":169,"column":7}},"54":{"start":{"line":164,"column":8},"end":{"line":167,"column":11}},"55":{"start":{"line":168,"column":8},"end":{"line":168,"column":15}},"56":{"start":{"line":172,"column":30},"end":{"line":172,"column":67}},"57":{"start":{"line":173,"column":6},"end":{"line":180,"column":7}},"58":{"start":{"line":174,"column":8},"end":{"line":174,"column":44}},"59":{"start":{"line":175,"column":8},"end":{"line":178,"column":11}},"60":{"start":{"line":179,"column":8},"end":{"line":179,"column":15}},"61":{"start":{"line":183,"column":6},"end":{"line":202,"column":7}},"62":{"start":{"line":184,"column":8},"end":{"line":191,"column":9}},"63":{"start":{"line":185,"column":10},"end":{"line":189,"column":13}},"64":{"start":{"line":190,"column":10},"end":{"line":190,"column":17}},"65":{"start":{"line":193,"column":33},"end":{"line":193,"column":81}},"66":{"start":{"line":194,"column":8},"end":{"line":201,"column":9}},"67":{"start":{"line":195,"column":10},"end":{"line":195,"column":46}},"68":{"start":{"line":196,"column":10},"end":{"line":199,"column":13}},"69":{"start":{"line":200,"column":10},"end":{"line":200,"column":17}},"70":{"start":{"line":205,"column":6},"end":{"line":205,"column":38}},"71":{"start":{"line":207,"column":24},"end":{"line":207,"column":103}},"72":{"start":{"line":208,"column":27},"end":{"line":208,"column":62}},"73":{"start":{"line":209,"column":34},"end":{"line":209,"column":76}},"74":{"start":{"line":211,"column":27},"end":{"line":218,"column":null}},"75":{"start":{"line":221,"column":28},"end":{"line":224,"column":null}},"76":{"start":{"line":227,"column":6},"end":{"line":235,"column":9}},"77":{"start":{"line":238,"column":6},"end":{"line":238,"column":46}},"78":{"start":{"line":239,"column":6},"end":{"line":242,"column":9}},"79":{"start":{"line":250,"column":4},"end":{"line":291,"column":5}},"80":{"start":{"line":251,"column":21},"end":{"line":251,"column":42}},"81":{"start":{"line":252,"column":6},"end":{"line":259,"column":7}},"82":{"start":{"line":253,"column":8},"end":{"line":257,"column":11}},"83":{"start":{"line":258,"column":8},"end":{"line":258,"column":15}},"84":{"start":{"line":261,"column":24},"end":{"line":261,"column":32}},"85":{"start":{"line":262,"column":19},"end":{"line":262,"column":59}},"86":{"start":{"line":265,"column":6},"end":{"line":268,"column":9}},"87":{"start":{"line":270,"column":6},"end":{"line":272,"column":7}},"88":{"start":{"line":271,"column":8},"end":{"line":271,"column":15}},"89":{"start":{"line":275,"column":25},"end":{"line":275,"column":63}},"90":{"start":{"line":276,"column":27},"end":{"line":276,"column":64}},"91":{"start":{"line":278,"column":6},"end":{"line":278,"column":43}},"92":{"start":{"line":279,"column":6},"end":{"line":279,"column":47}},"93":{"start":{"line":280,"column":6},"end":{"line":280,"column":24}},"94":{"start":{"line":283,"column":6},"end":{"line":283,"column":54}},"95":{"start":{"line":286,"column":6},"end":{"line":286,"column":59}},"96":{"start":{"line":287,"column":6},"end":{"line":290,"column":9}},"97":{"start":{"line":298,"column":4},"end":{"line":347,"column":5}},"98":{"start":{"line":299,"column":21},"end":{"line":299,"column":42}},"99":{"start":{"line":300,"column":6},"end":{"line":307,"column":7}},"100":{"start":{"line":301,"column":8},"end":{"line":305,"column":11}},"101":{"start":{"line":306,"column":8},"end":{"line":306,"column":15}},"102":{"start":{"line":309,"column":37},"end":{"line":309,"column":45}},"103":{"start":{"line":311,"column":19},"end":{"line":318,"column":8}},"104":{"start":{"line":320,"column":6},"end":{"line":326,"column":7}},"105":{"start":{"line":321,"column":8},"end":{"line":324,"column":11}},"106":{"start":{"line":325,"column":8},"end":{"line":325,"column":15}},"107":{"start":{"line":329,"column":6},"end":{"line":329,"column":42}},"108":{"start":{"line":330,"column":6},"end":{"line":330,"column":42}},"109":{"start":{"line":331,"column":6},"end":{"line":331,"column":44}},"110":{"start":{"line":332,"column":6},"end":{"line":332,"column":29}},"111":{"start":{"line":333,"column":6},"end":{"line":333,"column":42}},"112":{"start":{"line":334,"column":6},"end":{"line":334,"column":24}},"113":{"start":{"line":336,"column":6},"end":{"line":339,"column":9}},"114":{"start":{"line":342,"column":6},"end":{"line":342,"column":60}},"115":{"start":{"line":343,"column":6},"end":{"line":346,"column":9}},"116":{"start":{"line":354,"column":4},"end":{"line":386,"column":5}},"117":{"start":{"line":355,"column":21},"end":{"line":355,"column":37}},"118":{"start":{"line":356,"column":19},"end":{"line":356,"column":46}},"119":{"start":{"line":358,"column":6},"end":{"line":364,"column":7}},"120":{"start":{"line":359,"column":8},"end":{"line":362,"column":11}},"121":{"start":{"line":363,"column":8},"end":{"line":363,"column":15}},"122":{"start":{"line":366,"column":33},"end":{"line":366,"column":69}},"123":{"start":{"line":368,"column":6},"end":{"line":368,"column":36}},"124":{"start":{"line":369,"column":6},"end":{"line":369,"column":24}},"125":{"start":{"line":371,"column":6},"end":{"line":378,"column":9}},"126":{"start":{"line":381,"column":6},"end":{"line":381,"column":50}},"127":{"start":{"line":382,"column":6},"end":{"line":385,"column":9}},"128":{"start":{"line":393,"column":4},"end":{"line":439,"column":5}},"129":{"start":{"line":394,"column":21},"end":{"line":394,"column":42}},"130":{"start":{"line":395,"column":6},"end":{"line":402,"column":7}},"131":{"start":{"line":396,"column":8},"end":{"line":400,"column":11}},"132":{"start":{"line":401,"column":8},"end":{"line":401,"column":15}},"133":{"start":{"line":404,"column":21},"end":{"line":404,"column":37}},"134":{"start":{"line":405,"column":23},"end":{"line":405,"column":31}},"135":{"start":{"line":407,"column":19},"end":{"line":407,"column":46}},"136":{"start":{"line":408,"column":6},"end":{"line":414,"column":7}},"137":{"start":{"line":409,"column":8},"end":{"line":412,"column":11}},"138":{"start":{"line":413,"column":8},"end":{"line":413,"column":15}},"139":{"start":{"line":416,"column":22},"end":{"line":416,"column":60}},"140":{"start":{"line":417,"column":6},"end":{"line":423,"column":7}},"141":{"start":{"line":418,"column":8},"end":{"line":421,"column":11}},"142":{"start":{"line":422,"column":8},"end":{"line":422,"column":15}},"143":{"start":{"line":425,"column":6},"end":{"line":425,"column":35}},"144":{"start":{"line":426,"column":6},"end":{"line":426,"column":24}},"145":{"start":{"line":428,"column":6},"end":{"line":431,"column":9}},"146":{"start":{"line":434,"column":6},"end":{"line":434,"column":57}},"147":{"start":{"line":435,"column":6},"end":{"line":438,"column":9}},"148":{"start":{"line":446,"column":4},"end":{"line":450,"column":7}},"149":{"start":{"line":9,"column":0},"end":{"line":9,"column":13}}},"fnMap":{"0":{"name":"(anonymous_10)","decl":{"start":{"line":14,"column":9},"end":{"line":14,"column":14}},"loc":{"start":{"line":14,"column":51},"end":{"line":80,"column":3}}},"1":{"name":"(anonymous_11)","decl":{"start":{"line":85,"column":9},"end":{"line":85,"column":14}},"loc":{"start":{"line":85,"column":54},"end":{"line":124,"column":3}}},"2":{"name":"(anonymous_12)","decl":{"start":{"line":129,"column":9},"end":{"line":129,"column":14}},"loc":{"start":{"line":129,"column":48},"end":{"line":244,"column":3}}},"3":{"name":"(anonymous_13)","decl":{"start":{"line":249,"column":9},"end":{"line":249,"column":14}},"loc":{"start":{"line":249,"column":63},"end":{"line":292,"column":3}}},"4":{"name":"(anonymous_14)","decl":{"start":{"line":297,"column":9},"end":{"line":297,"column":14}},"loc":{"start":{"line":297,"column":56},"end":{"line":348,"column":3}}},"5":{"name":"(anonymous_15)","decl":{"start":{"line":353,"column":9},"end":{"line":353,"column":14}},"loc":{"start":{"line":353,"column":57},"end":{"line":387,"column":3}}},"6":{"name":"(anonymous_16)","decl":{"start":{"line":392,"column":9},"end":{"line":392,"column":14}},"loc":{"start":{"line":392,"column":58},"end":{"line":440,"column":3}}},"7":{"name":"(anonymous_17)","decl":{"start":{"line":445,"column":9},"end":{"line":445,"column":14}},"loc":{"start":{"line":445,"column":54},"end":{"line":451,"column":3}}}},"branchMap":{"0":{"loc":{"start":{"line":18,"column":6},"end":{"line":25,"column":7}},"type":"if","locations":[{"start":{"line":18,"column":6},"end":{"line":25,"column":7}},{"start":{},"end":{}}]},"1":{"loc":{"start":{"line":27,"column":52},"end":{"line":27,"column":68}},"type":"default-arg","locations":[{"start":{"line":27,"column":59},"end":{"line":27,"column":68}}]},"2":{"loc":{"start":{"line":31,"column":6},"end":{"line":37,"column":7}},"type":"if","locations":[{"start":{"line":31,"column":6},"end":{"line":37,"column":7}},{"start":{},"end":{}}]},"3":{"loc":{"start":{"line":60,"column":8},"end":{"line":62,"column":9}},"type":"if","locations":[{"start":{"line":60,"column":8},"end":{"line":62,"column":9}},{"start":{},"end":{}}]},"4":{"loc":{"start":{"line":98,"column":6},"end":{"line":104,"column":7}},"type":"if","locations":[{"start":{"line":98,"column":6},"end":{"line":104,"column":7}},{"start":{},"end":{}}]},"5":{"loc":{"start":{"line":132,"column":6},"end":{"line":139,"column":7}},"type":"if","locations":[{"start":{"line":132,"column":6},"end":{"line":139,"column":7}},{"start":{},"end":{}}]},"6":{"loc":{"start":{"line":145,"column":6},"end":{"line":151,"column":7}},"type":"if","locations":[{"start":{"line":145,"column":6},"end":{"line":151,"column":7}},{"start":{},"end":{}}]},"7":{"loc":{"start":{"line":154,"column":6},"end":{"line":160,"column":7}},"type":"if","locations":[{"start":{"line":154,"column":6},"end":{"line":160,"column":7}},{"start":{},"end":{}}]},"8":{"loc":{"start":{"line":163,"column":6},"end":{"line":169,"column":7}},"type":"if","locations":[{"start":{"line":163,"column":6},"end":{"line":169,"column":7}},{"start":{},"end":{}}]},"9":{"loc":{"start":{"line":173,"column":6},"end":{"line":180,"column":7}},"type":"if","locations":[{"start":{"line":173,"column":6},"end":{"line":180,"column":7}},{"start":{},"end":{}}]},"10":{"loc":{"start":{"line":183,"column":6},"end":{"line":202,"column":7}},"type":"if","locations":[{"start":{"line":183,"column":6},"end":{"line":202,"column":7}},{"start":{},"end":{}}]},"11":{"loc":{"start":{"line":184,"column":8},"end":{"line":191,"column":9}},"type":"if","locations":[{"start":{"line":184,"column":8},"end":{"line":191,"column":9}},{"start":{},"end":{}}]},"12":{"loc":{"start":{"line":194,"column":8},"end":{"line":201,"column":9}},"type":"if","locations":[{"start":{"line":194,"column":8},"end":{"line":201,"column":9}},{"start":{},"end":{}}]},"13":{"loc":{"start":{"line":207,"column":24},"end":{"line":207,"column":103}},"type":"binary-expr","locations":[{"start":{"line":207,"column":24},"end":{"line":207,"column":46}},{"start":{"line":207,"column":50},"end":{"line":207,"column":103}}]},"14":{"loc":{"start":{"line":208,"column":27},"end":{"line":208,"column":62}},"type":"binary-expr","locations":[{"start":{"line":208,"column":27},"end":{"line":208,"column":53}},{"start":{"line":208,"column":57},"end":{"line":208,"column":62}}]},"15":{"loc":{"start":{"line":209,"column":34},"end":{"line":209,"column":76}},"type":"binary-expr","locations":[{"start":{"line":209,"column":34},"end":{"line":209,"column":68}},{"start":{"line":209,"column":72},"end":{"line":209,"column":76}}]},"16":{"loc":{"start":{"line":252,"column":6},"end":{"line":259,"column":7}},"type":"if","locations":[{"start":{"line":252,"column":6},"end":{"line":259,"column":7}},{"start":{},"end":{}}]},"17":{"loc":{"start":{"line":270,"column":6},"end":{"line":272,"column":7}},"type":"if","locations":[{"start":{"line":270,"column":6},"end":{"line":272,"column":7}},{"start":{},"end":{}}]},"18":{"loc":{"start":{"line":300,"column":6},"end":{"line":307,"column":7}},"type":"if","locations":[{"start":{"line":300,"column":6},"end":{"line":307,"column":7}},{"start":{},"end":{}}]},"19":{"loc":{"start":{"line":320,"column":6},"end":{"line":326,"column":7}},"type":"if","locations":[{"start":{"line":320,"column":6},"end":{"line":326,"column":7}},{"start":{},"end":{}}]},"20":{"loc":{"start":{"line":358,"column":6},"end":{"line":364,"column":7}},"type":"if","locations":[{"start":{"line":358,"column":6},"end":{"line":364,"column":7}},{"start":{},"end":{}}]},"21":{"loc":{"start":{"line":395,"column":6},"end":{"line":402,"column":7}},"type":"if","locations":[{"start":{"line":395,"column":6},"end":{"line":402,"column":7}},{"start":{},"end":{}}]},"22":{"loc":{"start":{"line":408,"column":6},"end":{"line":414,"column":7}},"type":"if","locations":[{"start":{"line":408,"column":6},"end":{"line":414,"column":7}},{"start":{},"end":{}}]},"23":{"loc":{"start":{"line":408,"column":10},"end":{"line":408,"column":40}},"type":"binary-expr","locations":[{"start":{"line":408,"column":10},"end":{"line":408,"column":15}},{"start":{"line":408,"column":19},"end":{"line":408,"column":40}}]},"24":{"loc":{"start":{"line":417,"column":6},"end":{"line":423,"column":7}},"type":"if","locations":[{"start":{"line":417,"column":6},"end":{"line":423,"column":7}},{"start":{},"end":{}}]}},"s":{"0":3,"1":3,"2":3,"3":3,"4":3,"5":3,"6":8,"7":8,"8":8,"9":0,"10":0,"11":8,"12":8,"13":8,"14":1,"15":1,"16":7,"17":7,"18":7,"19":7,"20":7,"21":0,"22":0,"23":0,"24":7,"25":0,"26":0,"27":0,"28":0,"29":0,"30":0,"31":0,"32":0,"33":0,"34":0,"35":0,"36":0,"37":0,"38":0,"39":0,"40":3,"41":3,"42":3,"43":0,"44":0,"45":3,"46":3,"47":3,"48":1,"49":1,"50":2,"51":0,"52":0,"53":2,"54":0,"55":0,"56":2,"57":2,"58":1,"59":1,"60":1,"61":1,"62":0,"63":0,"64":0,"65":0,"66":0,"67":0,"68":0,"69":0,"70":1,"71":1,"72":1,"73":1,"74":1,"75":1,"76":1,"77":0,"78":0,"79":2,"80":2,"81":2,"82":0,"83":0,"84":2,"85":2,"86":2,"87":2,"88":1,"89":1,"90":1,"91":1,"92":1,"93":1,"94":1,"95":0,"96":0,"97":0,"98":0,"99":0,"100":0,"101":0,"102":0,"103":0,"104":0,"105":0,"106":0,"107":0,"108":0,"109":0,"110":0,"111":0,"112":0,"113":0,"114":0,"115":0,"116":0,"117":0,"118":0,"119":0,"120":0,"121":0,"122":0,"123":0,"124":0,"125":0,"126":0,"127":0,"128":0,"129":0,"130":0,"131":0,"132":0,"133":0,"134":0,"135":0,"136":0,"137":0,"138":0,"139":0,"140":0,"141":0,"142":0,"143":0,"144":0,"145":0,"146":0,"147":0,"148":0,"149":3},"f":{"0":8,"1":0,"2":3,"3":2,"4":0,"5":0,"6":0,"7":0},"b":{"0":[0,8],"1":[8],"2":[1,7],"3":[0,0],"4":[0,0],"5":[0,3],"6":[1,2],"7":[0,2],"8":[0,2],"9":[1,1],"10":[0,1],"11":[0,0],"12":[0,0],"13":[1,0],"14":[1,0],"15":[1,0],"16":[0,2],"17":[1,1],"18":[0,0],"19":[0,0],"20":[0,0],"21":[0,0],"22":[0,0],"23":[0,0],"24":[0,0]}}
,"C:\\Users\\USUARIO\\Desktop\\StudyMate\\code-structure\\backend\\auth-service\\src\\middleware\\authMiddleware.ts": {"path":"C:\\Users\\USUARIO\\Desktop\\StudyMate\\code-structure\\backend\\auth-service\\src\\middleware\\authMiddleware.ts","statementMap":{"0":{"start":{"line":2,"column":0},"end":{"line":2,"column":36}},"1":{"start":{"line":8,"column":33},"end":{"line":40,"column":1}},"2":{"start":{"line":9,"column":21},"end":{"line":9,"column":49}},"3":{"start":{"line":10,"column":16},"end":{"line":10,"column":54}},"4":{"start":{"line":12,"column":2},"end":{"line":18,"column":3}},"5":{"start":{"line":13,"column":4},"end":{"line":16,"column":7}},"6":{"start":{"line":17,"column":4},"end":{"line":17,"column":11}},"7":{"start":{"line":20,"column":20},"end":{"line":20,"column":99}},"8":{"start":{"line":22,"column":3},"end":{"line":39,"column":5}},"9":{"start":{"line":23,"column":4},"end":{"line":29,"column":5}},"10":{"start":{"line":24,"column":6},"end":{"line":27,"column":9}},"11":{"start":{"line":28,"column":6},"end":{"line":28,"column":13}},"12":{"start":{"line":31,"column":20},"end":{"line":31,"column":41}},"13":{"start":{"line":32,"column":4},"end":{"line":36,"column":6}},"14":{"start":{"line":38,"column":4},"end":{"line":38,"column":11}},"15":{"start":{"line":8,"column":13},"end":{"line":8,"column":33}},"16":{"start":{"line":45,"column":30},"end":{"line":65,"column":1}},"17":{"start":{"line":46,"column":2},"end":{"line":64,"column":4}},"18":{"start":{"line":47,"column":4},"end":{"line":53,"column":5}},"19":{"start":{"line":48,"column":6},"end":{"line":51,"column":9}},"20":{"start":{"line":52,"column":6},"end":{"line":52,"column":13}},"21":{"start":{"line":55,"column":4},"end":{"line":61,"column":5}},"22":{"start":{"line":56,"column":6},"end":{"line":59,"column":9}},"23":{"start":{"line":60,"column":6},"end":{"line":60,"column":13}},"24":{"start":{"line":63,"column":4},"end":{"line":63,"column":11}},"25":{"start":{"line":45,"column":13},"end":{"line":45,"column":30}},"26":{"start":{"line":70,"column":28},"end":{"line":92,"column":1}},"27":{"start":{"line":71,"column":21},"end":{"line":71,"column":49}},"28":{"start":{"line":72,"column":16},"end":{"line":72,"column":54}},"29":{"start":{"line":74,"column":2},"end":{"line":77,"column":3}},"30":{"start":{"line":75,"column":4},"end":{"line":75,"column":11}},"31":{"start":{"line":76,"column":4},"end":{"line":76,"column":11}},"32":{"start":{"line":79,"column":23},"end":{"line":79,"column":102}},"33":{"start":{"line":81,"column":3},"end":{"line":91,"column":5}},"34":{"start":{"line":82,"column":4},"end":{"line":89,"column":5}},"35":{"start":{"line":83,"column":22},"end":{"line":83,"column":43}},"36":{"start":{"line":84,"column":6},"end":{"line":88,"column":8}},"37":{"start":{"line":90,"column":4},"end":{"line":90,"column":11}},"38":{"start":{"line":70,"column":13},"end":{"line":70,"column":28}}},"fnMap":{"0":{"name":"(anonymous_9)","decl":{"start":{"line":8,"column":33},"end":{"line":8,"column":34}},"loc":{"start":{"line":8,"column":91},"end":{"line":40,"column":1}}},"1":{"name":"(anonymous_10)","decl":{"start":{"line":22,"column":40},"end":{"line":22,"column":41}},"loc":{"start":{"line":22,"column":67},"end":{"line":39,"column":3}}},"2":{"name":"(anonymous_11)","decl":{"start":{"line":45,"column":30},"end":{"line":45,"column":31}},"loc":{"start":{"line":45,"column":53},"end":{"line":65,"column":1}}},"3":{"name":"(anonymous_12)","decl":{"start":{"line":46,"column":9},"end":{"line":46,"column":10}},"loc":{"start":{"line":46,"column":67},"end":{"line":64,"column":3}}},"4":{"name":"(anonymous_13)","decl":{"start":{"line":70,"column":28},"end":{"line":70,"column":29}},"loc":{"start":{"line":70,"column":86},"end":{"line":92,"column":1}}},"5":{"name":"(anonymous_14)","decl":{"start":{"line":81,"column":43},"end":{"line":81,"column":44}},"loc":{"start":{"line":81,"column":70},"end":{"line":91,"column":3}}}},"branchMap":{"0":{"loc":{"start":{"line":10,"column":16},"end":{"line":10,"column":54}},"type":"binary-expr","locations":[{"start":{"line":10,"column":16},"end":{"line":10,"column":26}},{"start":{"line":10,"column":30},"end":{"line":10,"column":54}}]},"1":{"loc":{"start":{"line":12,"column":2},"end":{"line":18,"column":3}},"type":"if","locations":[{"start":{"line":12,"column":2},"end":{"line":18,"column":3}},{"start":{},"end":{}}]},"2":{"loc":{"start":{"line":20,"column":20},"end":{"line":20,"column":99}},"type":"binary-expr","locations":[{"start":{"line":20,"column":20},"end":{"line":20,"column":42}},{"start":{"line":20,"column":46},"end":{"line":20,"column":99}}]},"3":{"loc":{"start":{"line":23,"column":4},"end":{"line":29,"column":5}},"type":"if","locations":[{"start":{"line":23,"column":4},"end":{"line":29,"column":5}},{"start":{},"end":{}}]},"4":{"loc":{"start":{"line":47,"column":4},"end":{"line":53,"column":5}},"type":"if","locations":[{"start":{"line":47,"column":4},"end":{"line":53,"column":5}},{"start":{},"end":{}}]},"5":{"loc":{"start":{"line":55,"column":4},"end":{"line":61,"column":5}},"type":"if","locations":[{"start":{"line":55,"column":4},"end":{"line":61,"column":5}},{"start":{},"end":{}}]},"6":{"loc":{"start":{"line":72,"column":16},"end":{"line":72,"column":54}},"type":"binary-expr","locations":[{"start":{"line":72,"column":16},"end":{"line":72,"column":26}},{"start":{"line":72,"column":30},"end":{"line":72,"column":54}}]},"7":{"loc":{"start":{"line":74,"column":2},"end":{"line":77,"column":3}},"type":"if","locations":[{"start":{"line":74,"column":2},"end":{"line":77,"column":3}},{"start":{},"end":{}}]},"8":{"loc":{"start":{"line":79,"column":23},"end":{"line":79,"column":102}},"type":"binary-expr","locations":[{"start":{"line":79,"column":23},"end":{"line":79,"column":45}},{"start":{"line":79,"column":49},"end":{"line":79,"column":102}}]},"9":{"loc":{"start":{"line":82,"column":4},"end":{"line":89,"column":5}},"type":"if","locations":[{"start":{"line":82,"column":4},"end":{"line":89,"column":5}},{"start":{},"end":{}}]}},"s":{"0":0,"1":0,"2":0,"3":0,"4":0,"5":0,"6":0,"7":0,"8":0,"9":0,"10":0,"11":0,"12":0,"13":0,"14":0,"15":0,"16":0,"17":0,"18":0,"19":0,"20":0,"21":0,"22":0,"23":0,"24":0,"25":0,"26":0,"27":0,"28":0,"29":0,"30":0,"31":0,"32":0,"33":0,"34":0,"35":0,"36":0,"37":0,"38":0},"f":{"0":0,"1":0,"2":0,"3":0,"4":0,"5":0},"b":{"0":[0,0],"1":[0,0],"2":[0,0],"3":[0,0],"4":[0,0],"5":[0,0],"6":[0,0],"7":[0,0],"8":[0,0],"9":[0,0]}}
,"C:\\Users\\USUARIO\\Desktop\\StudyMate\\code-structure\\backend\\auth-service\\src\\middleware\\securityMiddleware.ts": {"path":"C:\\Users\\USUARIO\\Desktop\\StudyMate\\code-structure\\backend\\auth-service\\src\\middleware\\securityMiddleware.ts","statementMap":{"0":{"start":{"line":1,"column":0},"end":{"line":1,"column":43}},"1":{"start":{"line":5,"column":13},"end":{"line":14,"column":3}},"2":{"start":{"line":16,"column":13},"end":{"line":23,"column":3}},"3":{"start":{"line":26,"column":30},"end":{"line":38,"column":1}},"4":{"start":{"line":27,"column":25},"end":{"line":27,"column":66}},"5":{"start":{"line":28,"column":17},"end":{"line":28,"column":35}},"6":{"start":{"line":30,"column":2},"end":{"line":35,"column":3}},"7":{"start":{"line":31,"column":4},"end":{"line":34,"column":7}},"8":{"start":{"line":37,"column":2},"end":{"line":37,"column":9}},"9":{"start":{"line":26,"column":13},"end":{"line":26,"column":30}},"10":{"start":{"line":41,"column":29},"end":{"line":62,"column":1}},"11":{"start":{"line":43,"column":19},"end":{"line":58,"column":3}},"12":{"start":{"line":44,"column":4},"end":{"line":46,"column":5}},"13":{"start":{"line":45,"column":6},"end":{"line":45,"column":84}},"14":{"start":{"line":47,"column":4},"end":{"line":49,"column":5}},"15":{"start":{"line":48,"column":6},"end":{"line":48,"column":45}},"16":{"start":{"line":48,"column":29},"end":{"line":48,"column":43}},"17":{"start":{"line":50,"column":4},"end":{"line":56,"column":5}},"18":{"start":{"line":51,"column":29},"end":{"line":51,"column":31}},"19":{"start":{"line":52,"column":6},"end":{"line":54,"column":7}},"20":{"start":{"line":53,"column":8},"end":{"line":53,"column":44}},"21":{"start":{"line":55,"column":6},"end":{"line":55,"column":23}},"22":{"start":{"line":57,"column":4},"end":{"line":57,"column":15}},"23":{"start":{"line":60,"column":2},"end":{"line":60,"column":32}},"24":{"start":{"line":61,"column":2},"end":{"line":61,"column":9}},"25":{"start":{"line":41,"column":13},"end":{"line":41,"column":29}}},"fnMap":{"0":{"name":"(anonymous_1)","decl":{"start":{"line":26,"column":30},"end":{"line":26,"column":31}},"loc":{"start":{"line":26,"column":82},"end":{"line":38,"column":1}}},"1":{"name":"(anonymous_2)","decl":{"start":{"line":41,"column":29},"end":{"line":41,"column":30}},"loc":{"start":{"line":41,"column":81},"end":{"line":62,"column":1}}},"2":{"name":"(anonymous_3)","decl":{"start":{"line":43,"column":19},"end":{"line":43,"column":20}},"loc":{"start":{"line":43,"column":37},"end":{"line":58,"column":3}}},"3":{"name":"(anonymous_4)","decl":{"start":{"line":48,"column":21},"end":{"line":48,"column":25}},"loc":{"start":{"line":48,"column":29},"end":{"line":48,"column":43}}}},"branchMap":{"0":{"loc":{"start":{"line":27,"column":25},"end":{"line":27,"column":66}},"type":"binary-expr","locations":[{"start":{"line":27,"column":25},"end":{"line":27,"column":60}},{"start":{"line":27,"column":64},"end":{"line":27,"column":66}}]},"1":{"loc":{"start":{"line":30,"column":2},"end":{"line":35,"column":3}},"type":"if","locations":[{"start":{"line":30,"column":2},"end":{"line":35,"column":3}},{"start":{},"end":{}}]},"2":{"loc":{"start":{"line":30,"column":6},"end":{"line":30,"column":92}},"type":"binary-expr","locations":[{"start":{"line":30,"column":6},"end":{"line":30,"column":43}},{"start":{"line":30,"column":48},"end":{"line":30,"column":55}},{"start":{"line":30,"column":59},"end":{"line":30,"column":91}}]},"3":{"loc":{"start":{"line":44,"column":4},"end":{"line":46,"column":5}},"type":"if","locations":[{"start":{"line":44,"column":4},"end":{"line":46,"column":5}},{"start":{},"end":{}}]},"4":{"loc":{"start":{"line":47,"column":4},"end":{"line":49,"column":5}},"type":"if","locations":[{"start":{"line":47,"column":4},"end":{"line":49,"column":5}},{"start":{},"end":{}}]},"5":{"loc":{"start":{"line":50,"column":4},"end":{"line":56,"column":5}},"type":"if","locations":[{"start":{"line":50,"column":4},"end":{"line":56,"column":5}},{"start":{},"end":{}}]},"6":{"loc":{"start":{"line":50,"column":8},"end":{"line":50,"column":47}},"type":"binary-expr","locations":[{"start":{"line":50,"column":8},"end":{"line":50,"column":31}},{"start":{"line":50,"column":35},"end":{"line":50,"column":47}}]}},"s":{"0":2,"1":2,"2":2,"3":2,"4":5,"5":5,"6":5,"7":3,"8":2,"9":2,"10":2,"11":25,"12":1099,"13":1035,"14":64,"15":10,"16":1021,"17":54,"18":40,"19":40,"20":53,"21":40,"22":14,"23":25,"24":25,"25":2},"f":{"0":5,"1":25,"2":1099,"3":1021},"b":{"0":[5,2],"1":[3,2],"2":[5,4,3],"3":[1035,64],"4":[10,54],"5":[40,14],"6":[54,43]}}
,"C:\\Users\\USUARIO\\Desktop\\StudyMate\\code-structure\\backend\\auth-service\\src\\models\\UserModel.ts": {"path":"C:\\Users\\USUARIO\\Desktop\\StudyMate\\code-structure\\backend\\auth-service\\src\\models\\UserModel.ts","statementMap":{"0":{"start":{"line":1,"column":0},"end":{"line":1,"column":55}},"1":{"start":{"line":2,"column":0},"end":{"line":2,"column":30}},"2":{"start":{"line":58,"column":4},"end":{"line":58,"column":41}},"3":{"start":{"line":58,"column":28},"end":{"line":58,"column":41}},"4":{"start":{"line":59,"column":4},"end":{"line":59,"column":55}},"5":{"start":{"line":63,"column":23},"end":{"line":63,"column":25}},"6":{"start":{"line":64,"column":4},"end":{"line":64,"column":64}},"7":{"start":{"line":68,"column":4},"end":{"line":68,"column":48}},"8":{"start":{"line":72,"column":4},"end":{"line":72,"column":47}},"9":{"start":{"line":72,"column":34},"end":{"line":72,"column":47}},"10":{"start":{"line":73,"column":4},"end":{"line":73,"column":48}},"11":{"start":{"line":78,"column":4},"end":{"line":78,"column":28}},"12":{"start":{"line":80,"column":4},"end":{"line":82,"column":5}},"13":{"start":{"line":81,"column":6},"end":{"line":81,"column":70}},"14":{"start":{"line":84,"column":4},"end":{"line":84,"column":22}},"15":{"start":{"line":88,"column":4},"end":{"line":88,"column":27}},"16":{"start":{"line":89,"column":4},"end":{"line":89,"column":40}},"17":{"start":{"line":90,"column":4},"end":{"line":90,"column":32}},"18":{"start":{"line":91,"column":4},"end":{"line":91,"column":22}},"19":{"start":{"line":95,"column":19},"end":{"line":95,"column":36}},"20":{"start":{"line":97,"column":4},"end":{"line":97,"column":31}},"21":{"start":{"line":98,"column":4},"end":{"line":98,"column":34}},"22":{"start":{"line":99,"column":4},"end":{"line":99,"column":41}},"23":{"start":{"line":100,"column":4},"end":{"line":100,"column":37}},"24":{"start":{"line":101,"column":4},"end":{"line":101,"column":18}},"25":{"start":{"line":31,"column":0},"end":{"line":31,"column":13}},"26":{"start":{"line":105,"column":0},"end":{"line":105,"column":20}}},"fnMap":{"0":{"name":"(anonymous_1)","decl":{"start":{"line":57,"column":9},"end":{"line":57,"column":14}},"loc":{"start":{"line":57,"column":48},"end":{"line":60,"column":3}}},"1":{"name":"(anonymous_2)","decl":{"start":{"line":62,"column":9},"end":{"line":62,"column":14}},"loc":{"start":{"line":62,"column":43},"end":{"line":65,"column":3}}},"2":{"name":"(anonymous_3)","decl":{"start":{"line":67,"column":2},"end":{"line":67,"column":13}},"loc":{"start":{"line":67,"column":21},"end":{"line":69,"column":3}}},"3":{"name":"(anonymous_4)","decl":{"start":{"line":71,"column":9},"end":{"line":71,"column":24}},"loc":{"start":{"line":71,"column":24},"end":{"line":74,"column":3}}},"4":{"name":"(anonymous_5)","decl":{"start":{"line":77,"column":9},"end":{"line":77,"column":14}},"loc":{"start":{"line":77,"column":37},"end":{"line":85,"column":3}}},"5":{"name":"(anonymous_6)","decl":{"start":{"line":87,"column":9},"end":{"line":87,"column":14}},"loc":{"start":{"line":87,"column":33},"end":{"line":92,"column":3}}},"6":{"name":"(anonymous_7)","decl":{"start":{"line":94,"column":9},"end":{"line":94,"column":15}},"loc":{"start":{"line":94,"column":15},"end":{"line":102,"column":3}}}},"branchMap":{"0":{"loc":{"start":{"line":58,"column":4},"end":{"line":58,"column":41}},"type":"if","locations":[{"start":{"line":58,"column":4},"end":{"line":58,"column":41}},{"start":{},"end":{}}]},"1":{"loc":{"start":{"line":72,"column":4},"end":{"line":72,"column":47}},"type":"if","locations":[{"start":{"line":72,"column":4},"end":{"line":72,"column":47}},{"start":{},"end":{}}]},"2":{"loc":{"start":{"line":80,"column":4},"end":{"line":82,"column":5}},"type":"if","locations":[{"start":{"line":80,"column":4},"end":{"line":82,"column":5}},{"start":{},"end":{}}]}},"s":{"0":3,"1":3,"2":4,"3":0,"4":4,"5":15,"6":15,"7":0,"8":2,"9":2,"10":0,"11":2,"12":2,"13":0,"14":2,"15":2,"16":2,"17":2,"18":2,"19":8,"20":8,"21":8,"22":8,"23":8,"24":8,"25":3,"26":3},"f":{"0":4,"1":15,"2":0,"3":2,"4":2,"5":2,"6":8},"b":{"0":[0,4],"1":[2,0],"2":[0,2]}}
,"C:\\Users\\USUARIO\\Desktop\\StudyMate\\code-structure\\backend\\auth-service\\src\\models\\index.ts": {"path":"C:\\Users\\USUARIO\\Desktop\\StudyMate\\code-structure\\backend\\auth-service\\src\\models\\index.ts","statementMap":{"0":{"start":{"line":1,"column":0},"end":{"line":1,"column":47}},"1":{"start":{"line":2,"column":0},"end":{"line":2,"column":9}},"2":{"start":{"line":133,"column":9},"end":{"line":2,"column":35}},"3":{"start":{"line":3,"column":0},"end":{"line":3,"column":38}},"4":{"start":{"line":6,"column":0},"end":{"line":131,"column":2}},"5":{"start":{"line":120,"column":8},"end":{"line":122,"column":9}},"6":{"start":{"line":121,"column":10},"end":{"line":121,"column":52}},"7":{"start":{"line":125,"column":8},"end":{"line":127,"column":9}},"8":{"start":{"line":126,"column":10},"end":{"line":126,"column":52}},"9":{"start":{"line":134,"column":0},"end":{"line":134,"column":20}}},"fnMap":{"0":{"name":"(anonymous_0)","decl":{"start":{"line":133,"column":9},"end":{"line":133,"column":13}},"loc":{"start":{"line":133,"column":9},"end":{"line":2,"column":35}}},"1":{"name":"(anonymous_1)","decl":{"start":{"line":119,"column":20},"end":{"line":119,"column":25}},"loc":{"start":{"line":119,"column":41},"end":{"line":123,"column":7}}},"2":{"name":"(anonymous_2)","decl":{"start":{"line":124,"column":20},"end":{"line":124,"column":25}},"loc":{"start":{"line":124,"column":41},"end":{"line":128,"column":7}}}},"branchMap":{"0":{"loc":{"start":{"line":120,"column":8},"end":{"line":122,"column":9}},"type":"if","locations":[{"start":{"line":120,"column":8},"end":{"line":122,"column":9}},{"start":{},"end":{}}]},"1":{"loc":{"start":{"line":120,"column":12},"end":{"line":120,"column":70}},"type":"binary-expr","locations":[{"start":{"line":120,"column":12},"end":{"line":120,"column":29}},{"start":{"line":120,"column":33},"end":{"line":120,"column":70}}]},"2":{"loc":{"start":{"line":125,"column":8},"end":{"line":127,"column":9}},"type":"if","locations":[{"start":{"line":125,"column":8},"end":{"line":127,"column":9}},{"start":{},"end":{}}]},"3":{"loc":{"start":{"line":125,"column":12},"end":{"line":125,"column":102}},"type":"binary-expr","locations":[{"start":{"line":125,"column":12},"end":{"line":125,"column":40}},{"start":{"line":125,"column":44},"end":{"line":125,"column":61}},{"start":{"line":125,"column":65},"end":{"line":125,"column":102}}]}},"s":{"0":3,"1":3,"2":57,"3":3,"4":3,"5":15,"6":15,"7":10,"8":0,"9":3},"f":{"0":54,"1":15,"2":10},"b":{"0":[15,0],"1":[15,15],"2":[0,10],"3":[10,0,0]}}
,"C:\\Users\\USUARIO\\Desktop\\StudyMate\\code-structure\\backend\\auth-service\\src\\repositories\\UserRepository.ts": {"path":"C:\\Users\\USUARIO\\Desktop\\StudyMate\\code-structure\\backend\\auth-service\\src\\repositories\\UserRepository.ts","statementMap":{"0":{"start":{"line":1,"column":0},"end":{"line":1,"column":33}},"1":{"start":{"line":16,"column":4},"end":{"line":16,"column":35}},"2":{"start":{"line":20,"column":4},"end":{"line":20,"column":52}},"3":{"start":{"line":24,"column":4},"end":{"line":24,"column":39}},"4":{"start":{"line":28,"column":17},"end":{"line":28,"column":40}},"5":{"start":{"line":29,"column":4},"end":{"line":31,"column":5}},"6":{"start":{"line":30,"column":6},"end":{"line":30,"column":47}},"7":{"start":{"line":32,"column":4},"end":{"line":32,"column":39}},"8":{"start":{"line":36,"column":19},"end":{"line":36,"column":56}},"9":{"start":{"line":37,"column":4},"end":{"line":37,"column":22}},"10":{"start":{"line":41,"column":4},"end":{"line":48,"column":7}},"11":{"start":{"line":52,"column":4},"end":{"line":59,"column":7}},"12":{"start":{"line":14,"column":0},"end":{"line":14,"column":13}}},"fnMap":{"0":{"name":"(anonymous_0)","decl":{"start":{"line":15,"column":2},"end":{"line":15,"column":7}},"loc":{"start":{"line":15,"column":27},"end":{"line":17,"column":3}}},"1":{"name":"(anonymous_1)","decl":{"start":{"line":19,"column":2},"end":{"line":19,"column":7}},"loc":{"start":{"line":19,"column":33},"end":{"line":21,"column":3}}},"2":{"name":"(anonymous_2)","decl":{"start":{"line":23,"column":2},"end":{"line":23,"column":7}},"loc":{"start":{"line":23,"column":38},"end":{"line":25,"column":3}}},"3":{"name":"(anonymous_3)","decl":{"start":{"line":27,"column":2},"end":{"line":27,"column":7}},"loc":{"start":{"line":27,"column":50},"end":{"line":33,"column":3}}},"4":{"name":"(anonymous_4)","decl":{"start":{"line":35,"column":2},"end":{"line":35,"column":7}},"loc":{"start":{"line":35,"column":25},"end":{"line":38,"column":3}}},"5":{"name":"(anonymous_5)","decl":{"start":{"line":40,"column":2},"end":{"line":40,"column":7}},"loc":{"start":{"line":40,"column":45},"end":{"line":49,"column":3}}},"6":{"name":"(anonymous_6)","decl":{"start":{"line":51,"column":2},"end":{"line":51,"column":7}},"loc":{"start":{"line":51,"column":38},"end":{"line":60,"column":3}}}},"branchMap":{"0":{"loc":{"start":{"line":29,"column":4},"end":{"line":31,"column":5}},"type":"if","locations":[{"start":{"line":29,"column":4},"end":{"line":31,"column":5}},{"start":{},"end":{}}]}},"s":{"0":0,"1":0,"2":0,"3":0,"4":0,"5":0,"6":0,"7":0,"8":0,"9":0,"10":0,"11":0,"12":0},"f":{"0":0,"1":0,"2":0,"3":0,"4":0,"5":0,"6":0},"b":{"0":[0,0]}}
,"C:\\Users\\USUARIO\\Desktop\\StudyMate\\code-structure\\backend\\auth-service\\src\\routes\\authRoutes.ts": {"path":"C:\\Users\\USUARIO\\Desktop\\StudyMate\\code-structure\\backend\\auth-service\\src\\routes\\authRoutes.ts","statementMap":{"0":{"start":{"line":1,"column":0},"end":{"line":1,"column":33}},"1":{"start":{"line":2,"column":0},"end":{"line":2,"column":43}},"2":{"start":{"line":3,"column":0},"end":{"line":3,"column":63}},"3":{"start":{"line":4,"column":0},"end":{"line":4,"column":81}},"4":{"start":{"line":5,"column":0},"end":{"line":5,"column":null}},"5":{"start":{"line":13,"column":15},"end":{"line":13,"column":23}},"6":{"start":{"line":14,"column":23},"end":{"line":14,"column":43}},"7":{"start":{"line":17,"column":20},"end":{"line":26,"column":2}},"8":{"start":{"line":28,"column":23},"end":{"line":35,"column":2}},"9":{"start":{"line":38,"column":0},"end":{"line":38,"column":27}},"10":{"start":{"line":45,"column":0},"end":{"line":45,"column":81}},"11":{"start":{"line":52,"column":0},"end":{"line":52,"column":63}},"12":{"start":{"line":59,"column":0},"end":{"line":59,"column":72}},"13":{"start":{"line":66,"column":0},"end":{"line":66,"column":112}},"14":{"start":{"line":73,"column":0},"end":{"line":73,"column":84}},"15":{"start":{"line":80,"column":0},"end":{"line":80,"column":76}},"16":{"start":{"line":87,"column":0},"end":{"line":87,"column":109}},"17":{"start":{"line":94,"column":0},"end":{"line":94,"column":50}},"18":{"start":{"line":101,"column":0},"end":{"line":126,"column":3}},"19":{"start":{"line":102,"column":2},"end":{"line":125,"column":3}},"20":{"start":{"line":103,"column":21},"end":{"line":103,"column":46}},"21":{"start":{"line":104,"column":17},"end":{"line":104,"column":54}},"22":{"start":{"line":106,"column":4},"end":{"line":111,"column":5}},"23":{"start":{"line":107,"column":6},"end":{"line":110,"column":9}},"24":{"start":{"line":113,"column":4},"end":{"line":118,"column":7}},"25":{"start":{"line":120,"column":4},"end":{"line":120,"column":54}},"26":{"start":{"line":121,"column":4},"end":{"line":124,"column":7}},"27":{"start":{"line":133,"column":0},"end":{"line":139,"column":3}},"28":{"start":{"line":135,"column":2},"end":{"line":138,"column":5}},"29":{"start":{"line":141,"column":0},"end":{"line":141,"column":22}}},"fnMap":{"0":{"name":"(anonymous_10)","decl":{"start":{"line":101,"column":37},"end":{"line":101,"column":42}},"loc":{"start":{"line":101,"column":56},"end":{"line":126,"column":1}}},"1":{"name":"(anonymous_11)","decl":{"start":{"line":103,"column":21},"end":{"line":103,"column":34}},"loc":{"start":{"line":103,"column":21},"end":{"line":103,"column":46}}},"2":{"name":"(anonymous_12)","decl":{"start":{"line":133,"column":42},"end":{"line":133,"column":43}},"loc":{"start":{"line":133,"column":55},"end":{"line":139,"column":1}}}},"branchMap":{"0":{"loc":{"start":{"line":106,"column":4},"end":{"line":111,"column":5}},"type":"if","locations":[{"start":{"line":106,"column":4},"end":{"line":111,"column":5}},{"start":{},"end":{}}]}},"s":{"0":1,"1":1,"2":1,"3":1,"4":1,"5":1,"6":1,"7":1,"8":1,"9":1,"10":1,"11":1,"12":1,"13":1,"14":1,"15":1,"16":1,"17":1,"18":1,"19":0,"20":0,"21":0,"22":0,"23":0,"24":0,"25":0,"26":0,"27":1,"28":0,"29":1},"f":{"0":0,"1":0,"2":0},"b":{"0":[0,0]}}
,"C:\\Users\\USUARIO\\Desktop\\StudyMate\\code-structure\\backend\\auth-service\\src\\services\\AuthService.ts": {"path":"C:\\Users\\USUARIO\\Desktop\\StudyMate\\code-structure\\backend\\auth-service\\src\\services\\AuthService.ts","statementMap":{"0":{"start":{"line":3,"column":0},"end":{"line":3,"column":68}},"1":{"start":{"line":4,"column":0},"end":{"line":4,"column":55}},"2":{"start":{"line":5,"column":0},"end":{"line":5,"column":36}},"3":{"start":{"line":6,"column":0},"end":{"line":6,"column":28}},"4":{"start":{"line":10,"column":12},"end":{"line":10,"column":43}},"5":{"start":{"line":11,"column":12},"end":{"line":11,"column":32}},"6":{"start":{"line":16,"column":25},"end":{"line":16,"column":82}},"7":{"start":{"line":17,"column":4},"end":{"line":19,"column":5}},"8":{"start":{"line":18,"column":6},"end":{"line":18,"column":53}},"9":{"start":{"line":22,"column":35},"end":{"line":22,"column":73}},"10":{"start":{"line":23,"column":37},"end":{"line":23,"column":79}},"11":{"start":{"line":26,"column":36},"end":{"line":34,"column":6}},"12":{"start":{"line":36,"column":17},"end":{"line":36,"column":59}},"13":{"start":{"line":39,"column":4},"end":{"line":46,"column":5}},"14":{"start":{"line":40,"column":6},"end":{"line":40,"column":78}},"15":{"start":{"line":42,"column":6},"end":{"line":42,"column":84}},"16":{"start":{"line":43,"column":6},"end":{"line":45,"column":7}},"17":{"start":{"line":44,"column":8},"end":{"line":44,"column":75}},"18":{"start":{"line":48,"column":4},"end":{"line":51,"column":6}},"19":{"start":{"line":56,"column":17},"end":{"line":56,"column":71}},"20":{"start":{"line":57,"column":4},"end":{"line":59,"column":5}},"21":{"start":{"line":58,"column":6},"end":{"line":58,"column":48}},"22":{"start":{"line":62,"column":4},"end":{"line":64,"column":5}},"23":{"start":{"line":63,"column":6},"end":{"line":63,"column":56}},"24":{"start":{"line":67,"column":28},"end":{"line":67,"column":75}},"25":{"start":{"line":68,"column":4},"end":{"line":71,"column":5}},"26":{"start":{"line":69,"column":6},"end":{"line":69,"column":42}},"27":{"start":{"line":70,"column":6},"end":{"line":70,"column":48}},"28":{"start":{"line":74,"column":4},"end":{"line":83,"column":5}},"29":{"start":{"line":75,"column":6},"end":{"line":77,"column":7}},"30":{"start":{"line":76,"column":8},"end":{"line":76,"column":48}},"31":{"start":{"line":79,"column":26},"end":{"line":79,"column":85}},"32":{"start":{"line":80,"column":6},"end":{"line":82,"column":7}},"33":{"start":{"line":81,"column":8},"end":{"line":81,"column":47}},"34":{"start":{"line":86,"column":4},"end":{"line":86,"column":36}},"35":{"start":{"line":87,"column":4},"end":{"line":87,"column":73}},"36":{"start":{"line":90,"column":19},"end":{"line":90,"column":44}},"37":{"start":{"line":92,"column":4},"end":{"line":95,"column":6}},"38":{"start":{"line":99,"column":17},"end":{"line":99,"column":73}},"39":{"start":{"line":100,"column":4},"end":{"line":102,"column":5}},"40":{"start":{"line":101,"column":6},"end":{"line":101,"column":67}},"41":{"start":{"line":104,"column":4},"end":{"line":108,"column":7}},"42":{"start":{"line":110,"column":4},"end":{"line":110,"column":56}},"43":{"start":{"line":114,"column":17},"end":{"line":114,"column":61}},"44":{"start":{"line":115,"column":4},"end":{"line":118,"column":5}},"45":{"start":{"line":117,"column":6},"end":{"line":117,"column":100}},"46":{"start":{"line":120,"column":23},"end":{"line":120,"column":61}},"47":{"start":{"line":121,"column":25},"end":{"line":121,"column":62}},"48":{"start":{"line":123,"column":4},"end":{"line":126,"column":7}},"49":{"start":{"line":130,"column":4},"end":{"line":130,"column":98}},"50":{"start":{"line":134,"column":31},"end":{"line":138,"column":6}},"51":{"start":{"line":140,"column":32},"end":{"line":142,"column":6}},"52":{"start":{"line":144,"column":22},"end":{"line":144,"column":34}},"53":{"start":{"line":146,"column":25},"end":{"line":149,"column":null}},"54":{"start":{"line":152,"column":26},"end":{"line":155,"column":null}},"55":{"start":{"line":158,"column":4},"end":{"line":158,"column":52}},"56":{"start":{"line":162,"column":4},"end":{"line":175,"column":6}},"57":{"start":{"line":8,"column":0},"end":{"line":8,"column":13}}},"fnMap":{"0":{"name":"(anonymous_10)","decl":{"start":{"line":9,"column":2},"end":{"line":9,"column":null}},"loc":{"start":{"line":11,"column":74},"end":{"line":12,"column":6}}},"1":{"name":"(anonymous_11)","decl":{"start":{"line":14,"column":2},"end":{"line":14,"column":7}},"loc":{"start":{"line":14,"column":42},"end":{"line":52,"column":3}}},"2":{"name":"(anonymous_12)","decl":{"start":{"line":54,"column":2},"end":{"line":54,"column":7}},"loc":{"start":{"line":54,"column":33},"end":{"line":96,"column":3}}},"3":{"name":"(anonymous_13)","decl":{"start":{"line":98,"column":2},"end":{"line":98,"column":7}},"loc":{"start":{"line":98,"column":33},"end":{"line":111,"column":3}}},"4":{"name":"(anonymous_14)","decl":{"start":{"line":113,"column":2},"end":{"line":113,"column":7}},"loc":{"start":{"line":113,"column":42},"end":{"line":131,"column":3}}},"5":{"name":"(anonymous_15)","decl":{"start":{"line":133,"column":10},"end":{"line":133,"column":24}},"loc":{"start":{"line":133,"column":34},"end":{"line":159,"column":3}}},"6":{"name":"(anonymous_16)","decl":{"start":{"line":161,"column":10},"end":{"line":161,"column":27}},"loc":{"start":{"line":161,"column":37},"end":{"line":176,"column":3}}}},"branchMap":{"0":{"loc":{"start":{"line":11,"column":12},"end":{"line":11,"column":74}},"type":"default-arg","locations":[{"start":{"line":11,"column":32},"end":{"line":11,"column":74}}]},"1":{"loc":{"start":{"line":11,"column":32},"end":{"line":11,"column":74}},"type":"binary-expr","locations":[{"start":{"line":11,"column":32},"end":{"line":11,"column":54}},{"start":{"line":11,"column":58},"end":{"line":11,"column":74}}]},"2":{"loc":{"start":{"line":17,"column":4},"end":{"line":19,"column":5}},"type":"if","locations":[{"start":{"line":17,"column":4},"end":{"line":19,"column":5}},{"start":{},"end":{}}]},"3":{"loc":{"start":{"line":31,"column":12},"end":{"line":31,"column":42}},"type":"binary-expr","locations":[{"start":{"line":31,"column":12},"end":{"line":31,"column":29}},{"start":{"line":31,"column":33},"end":{"line":31,"column":42}}]},"4":{"loc":{"start":{"line":43,"column":6},"end":{"line":45,"column":7}},"type":"if","locations":[{"start":{"line":43,"column":6},"end":{"line":45,"column":7}},{"start":{},"end":{}}]},"5":{"loc":{"start":{"line":57,"column":4},"end":{"line":59,"column":5}},"type":"if","locations":[{"start":{"line":57,"column":4},"end":{"line":59,"column":5}},{"start":{},"end":{}}]},"6":{"loc":{"start":{"line":62,"column":4},"end":{"line":64,"column":5}},"type":"if","locations":[{"start":{"line":62,"column":4},"end":{"line":64,"column":5}},{"start":{},"end":{}}]},"7":{"loc":{"start":{"line":62,"column":8},"end":{"line":62,"column":71}},"type":"binary-expr","locations":[{"start":{"line":62,"column":8},"end":{"line":62,"column":31}},{"start":{"line":62,"column":35},"end":{"line":62,"column":71}}]},"8":{"loc":{"start":{"line":68,"column":4},"end":{"line":71,"column":5}},"type":"if","locations":[{"start":{"line":68,"column":4},"end":{"line":71,"column":5}},{"start":{},"end":{}}]},"9":{"loc":{"start":{"line":74,"column":4},"end":{"line":83,"column":5}},"type":"if","locations":[{"start":{"line":74,"column":4},"end":{"line":83,"column":5}},{"start":{},"end":{}}]},"10":{"loc":{"start":{"line":75,"column":6},"end":{"line":77,"column":7}},"type":"if","locations":[{"start":{"line":75,"column":6},"end":{"line":77,"column":7}},{"start":{},"end":{}}]},"11":{"loc":{"start":{"line":80,"column":6},"end":{"line":82,"column":7}},"type":"if","locations":[{"start":{"line":80,"column":6},"end":{"line":82,"column":7}},{"start":{},"end":{}}]},"12":{"loc":{"start":{"line":100,"column":4},"end":{"line":102,"column":5}},"type":"if","locations":[{"start":{"line":100,"column":4},"end":{"line":102,"column":5}},{"start":{},"end":{}}]},"13":{"loc":{"start":{"line":115,"column":4},"end":{"line":118,"column":5}},"type":"if","locations":[{"start":{"line":115,"column":4},"end":{"line":118,"column":5}},{"start":{},"end":{}}]},"14":{"loc":{"start":{"line":149,"column":19},"end":{"line":149,"column":54}},"type":"binary-expr","locations":[{"start":{"line":149,"column":19},"end":{"line":149,"column":45}},{"start":{"line":149,"column":49},"end":{"line":149,"column":54}}]},"15":{"loc":{"start":{"line":155,"column":19},"end":{"line":155,"column":61}},"type":"binary-expr","locations":[{"start":{"line":155,"column":19},"end":{"line":155,"column":53}},{"start":{"line":155,"column":57},"end":{"line":155,"column":61}}]}},"s":{"0":1,"1":1,"2":1,"3":1,"4":19,"5":19,"6":5,"7":5,"8":1,"9":4,"10":4,"11":4,"12":4,"13":4,"14":4,"15":1,"16":1,"17":1,"18":4,"19":10,"20":9,"21":1,"22":8,"23":1,"24":7,"25":7,"26":1,"27":1,"28":6,"29":3,"30":1,"31":2,"32":2,"33":1,"34":4,"35":4,"36":4,"37":3,"38":2,"39":2,"40":1,"41":1,"42":1,"43":2,"44":2,"45":1,"46":1,"47":1,"48":1,"49":1,"50":4,"51":4,"52":4,"53":4,"54":3,"55":3,"56":7,"57":1},"f":{"0":19,"1":5,"2":10,"3":2,"4":2,"5":4,"6":7},"b":{"0":[0],"1":[0,0],"2":[1,4],"3":[4,2],"4":[1,0],"5":[1,8],"6":[1,7],"7":[8,1],"8":[1,6],"9":[3,3],"10":[1,2],"11":[1,1],"12":[1,1],"13":[1,1],"14":[4,0],"15":[3,0]}}
,"C:\\Users\\USUARIO\\Desktop\\StudyMate\\code-structure\\backend\\auth-service\\src\\services\\emailService.ts": {"path":"C:\\Users\\USUARIO\\Desktop\\StudyMate\\code-structure\\backend\\auth-service\\src\\services\\emailService.ts","statementMap":{"0":{"start":{"line":17,"column":0},"end":{"line":17,"column":7}},"1":{"start":{"line":57,"column":0},"end":{"line":57,"column":7}},"2":{"start":{"line":97,"column":0},"end":{"line":97,"column":7}},"3":{"start":{"line":1,"column":0},"end":{"line":1,"column":36}},"4":{"start":{"line":4,"column":20},"end":{"line":12,"column":2}},"5":{"start":{"line":18,"column":26},"end":{"line":18,"column":104}},"6":{"start":{"line":20,"column":22},"end":{"line":43,"column":4}},"7":{"start":{"line":45,"column":2},"end":{"line":51,"column":3}},"8":{"start":{"line":46,"column":4},"end":{"line":46,"column":44}},"9":{"start":{"line":47,"column":4},"end":{"line":47,"column":65}},"10":{"start":{"line":49,"column":4},"end":{"line":49,"column":67}},"11":{"start":{"line":50,"column":4},"end":{"line":50,"column":67}},"12":{"start":{"line":58,"column":19},"end":{"line":58,"column":99}},"13":{"start":{"line":60,"column":22},"end":{"line":83,"column":4}},"14":{"start":{"line":85,"column":2},"end":{"line":91,"column":3}},"15":{"start":{"line":86,"column":4},"end":{"line":86,"column":44}},"16":{"start":{"line":87,"column":4},"end":{"line":87,"column":65}},"17":{"start":{"line":89,"column":4},"end":{"line":89,"column":67}},"18":{"start":{"line":90,"column":4},"end":{"line":90,"column":67}},"19":{"start":{"line":98,"column":2},"end":{"line":105,"column":3}},"20":{"start":{"line":99,"column":4},"end":{"line":99,"column":31}},"21":{"start":{"line":100,"column":4},"end":{"line":100,"column":65}},"22":{"start":{"line":101,"column":4},"end":{"line":101,"column":16}},"23":{"start":{"line":103,"column":4},"end":{"line":103,"column":63}},"24":{"start":{"line":104,"column":4},"end":{"line":104,"column":17}}},"fnMap":{"0":{"name":"sendVerificationEmail","decl":{"start":{"line":17,"column":22},"end":{"line":17,"column":43}},"loc":{"start":{"line":17,"column":72},"end":{"line":52,"column":1}}},"1":{"name":"sendPasswordResetEmail","decl":{"start":{"line":57,"column":22},"end":{"line":57,"column":44}},"loc":{"start":{"line":57,"column":73},"end":{"line":92,"column":1}}},"2":{"name":"verifyEmailService","decl":{"start":{"line":97,"column":22},"end":{"line":97,"column":40}},"loc":{"start":{"line":97,"column":40},"end":{"line":106,"column":1}}}},"branchMap":{"0":{"loc":{"start":{"line":5,"column":8},"end":{"line":5,"column":49}},"type":"binary-expr","locations":[{"start":{"line":5,"column":8},"end":{"line":5,"column":29}},{"start":{"line":5,"column":33},"end":{"line":5,"column":49}}]},"1":{"loc":{"start":{"line":6,"column":17},"end":{"line":6,"column":47}},"type":"binary-expr","locations":[{"start":{"line":6,"column":17},"end":{"line":6,"column":38}},{"start":{"line":6,"column":42},"end":{"line":6,"column":47}}]},"2":{"loc":{"start":{"line":18,"column":29},"end":{"line":18,"column":80}},"type":"binary-expr","locations":[{"start":{"line":18,"column":29},"end":{"line":18,"column":53}},{"start":{"line":18,"column":57},"end":{"line":18,"column":80}}]},"3":{"loc":{"start":{"line":21,"column":10},"end":{"line":21,"column":59}},"type":"binary-expr","locations":[{"start":{"line":21,"column":10},"end":{"line":21,"column":32}},{"start":{"line":21,"column":36},"end":{"line":21,"column":59}}]},"4":{"loc":{"start":{"line":58,"column":22},"end":{"line":58,"column":73}},"type":"binary-expr","locations":[{"start":{"line":58,"column":22},"end":{"line":58,"column":46}},{"start":{"line":58,"column":50},"end":{"line":58,"column":73}}]},"5":{"loc":{"start":{"line":61,"column":10},"end":{"line":61,"column":59}},"type":"binary-expr","locations":[{"start":{"line":61,"column":10},"end":{"line":61,"column":32}},{"start":{"line":61,"column":36},"end":{"line":61,"column":59}}]}},"s":{"0":0,"1":0,"2":0,"3":0,"4":0,"5":0,"6":0,"7":0,"8":0,"9":0,"10":0,"11":0,"12":0,"13":0,"14":0,"15":0,"16":0,"17":0,"18":0,"19":0,"20":0,"21":0,"22":0,"23":0,"24":0},"f":{"0":0,"1":0,"2":0},"b":{"0":[0,0],"1":[0,0],"2":[0,0],"3":[0,0],"4":[0,0],"5":[0,0]}}
,"C:\\Users\\USUARIO\\Desktop\\StudyMate\\code-structure\\backend\\auth-service\\src\\services\\twoFactorService.ts": {"path":"C:\\Users\\USUARIO\\Desktop\\StudyMate\\code-structure\\backend\\auth-service\\src\\services\\twoFactorService.ts","statementMap":{"0":{"start":{"line":7,"column":0},"end":{"line":7,"column":7}},"1":{"start":{"line":25,"column":0},"end":{"line":25,"column":16}},"2":{"start":{"line":37,"column":0},"end":{"line":37,"column":16}},"3":{"start":{"line":1,"column":0},"end":{"line":1,"column":34}},"4":{"start":{"line":2,"column":0},"end":{"line":2,"column":28}},"5":{"start":{"line":8,"column":17},"end":{"line":12,"column":4}},"6":{"start":{"line":14,"column":17},"end":{"line":14,"column":60}},"7":{"start":{"line":16,"column":2},"end":{"line":19,"column":4}},"8":{"start":{"line":26,"column":2},"end":{"line":31,"column":5}},"9":{"start":{"line":38,"column":26},"end":{"line":38,"column":28}},"10":{"start":{"line":40,"column":2},"end":{"line":44,"column":3}},"11":{"start":{"line":40,"column":15},"end":{"line":40,"column":16}},"12":{"start":{"line":42,"column":17},"end":{"line":42,"column":70}},"13":{"start":{"line":43,"column":4},"end":{"line":43,"column":21}},"14":{"start":{"line":46,"column":2},"end":{"line":46,"column":15}}},"fnMap":{"0":{"name":"generateTOTPSecret","decl":{"start":{"line":7,"column":22},"end":{"line":7,"column":40}},"loc":{"start":{"line":7,"column":54},"end":{"line":20,"column":1}}},"1":{"name":"verifyTOTP","decl":{"start":{"line":25,"column":16},"end":{"line":25,"column":26}},"loc":{"start":{"line":25,"column":56},"end":{"line":32,"column":1}}},"2":{"name":"generateBackupCodes","decl":{"start":{"line":37,"column":16},"end":{"line":37,"column":35}},"loc":{"start":{"line":37,"column":54},"end":{"line":47,"column":1}}}},"branchMap":{"0":{"loc":{"start":{"line":10,"column":12},"end":{"line":10,"column":50}},"type":"binary-expr","locations":[{"start":{"line":10,"column":12},"end":{"line":10,"column":35}},{"start":{"line":10,"column":39},"end":{"line":10,"column":50}}]},"1":{"loc":{"start":{"line":37,"column":36},"end":{"line":37,"column":54}},"type":"default-arg","locations":[{"start":{"line":37,"column":52},"end":{"line":37,"column":54}}]}},"s":{"0":5,"1":5,"2":5,"3":5,"4":5,"5":12,"6":12,"7":12,"8":16,"9":8,"10":8,"11":8,"12":70,"13":70,"14":8},"f":{"0":12,"1":16,"2":8},"b":{"0":[12,12],"1":[6]}}
,"C:\\Users\\USUARIO\\Desktop\\StudyMate\\code-structure\\backend\\auth-service\\src\\validators\\authValidators.ts": {"path":"C:\\Users\\USUARIO\\Desktop\\StudyMate\\code-structure\\backend\\auth-service\\src\\validators\\authValidators.ts","statementMap":{"0":{"start":{"line":1,"column":0},"end":{"line":1,"column":41}},"1":{"start":{"line":6,"column":13},"end":{"line":42,"column":2}},"2":{"start":{"line":47,"column":13},"end":{"line":63,"column":2}},"3":{"start":{"line":68,"column":13},"end":{"line":73,"column":2}},"4":{"start":{"line":78,"column":13},"end":{"line":90,"column":2}},"5":{"start":{"line":95,"column":13},"end":{"line":101,"column":2}},"6":{"start":{"line":106,"column":13},"end":{"line":127,"column":2}}},"fnMap":{},"branchMap":{},"s":{"0":3,"1":3,"2":3,"3":3,"4":3,"5":3,"6":3},"f":{},"b":{}}
}
