TN:
SF:src\config\database.ts
FN:32,(anonymous_1)
FN:43,(anonymous_2)
FNF:2
FNH:0
FNDA:0,(anonymous_1)
FNDA:0,(anonymous_2)
DA:1,3
DA:2,3
DA:4,3
DA:7,3
DA:29,3
DA:32,3
DA:33,0
DA:34,0
DA:35,0
DA:37,0
DA:38,0
DA:43,3
DA:44,0
DA:45,0
DA:46,0
DA:48,0
DA:49,0
DA:53,3
LF:18
LH:8
BRDA:8,0,0,3
BRDA:8,0,1,0
BRDA:9,1,0,3
BRDA:9,1,1,0
BRDA:10,2,0,3
BRDA:10,2,1,0
BRDA:11,3,0,3
BRDA:11,3,1,0
BRDA:12,4,0,3
BRDA:12,4,1,0
BRDA:14,5,0,0
BRDA:14,5,1,3
BRDA:43,6,0,0
BRF:13
BRH:6
end_of_record
TN:
SF:src\config\environment.ts
FN:39,(anonymous_0)
FNF:1
FNH:0
FNDA:0,(anonymous_0)
DA:1,0
DA:4,0
DA:39,0
DA:40,0
DA:41,0
DA:43,0
DA:44,0
DA:49,0
LF:8
LH:0
BRF:0
BRH:0
end_of_record
TN:
SF:src\controllers\AuthController.ts
FN:14,(anonymous_10)
FN:85,(anonymous_11)
FN:129,(anonymous_12)
FN:249,(anonymous_13)
FN:297,(anonymous_14)
FN:353,(anonymous_15)
FN:392,(anonymous_16)
FN:445,(anonymous_17)
FNF:8
FNH:3
FNDA:8,(anonymous_10)
FNDA:0,(anonymous_11)
FNDA:3,(anonymous_12)
FNDA:2,(anonymous_13)
FNDA:0,(anonymous_14)
FNDA:0,(anonymous_15)
FNDA:0,(anonymous_16)
FNDA:0,(anonymous_17)
DA:2,3
DA:3,3
DA:4,3
DA:5,3
DA:6,3
DA:7,3
DA:9,3
DA:15,8
DA:17,8
DA:18,8
DA:19,0
DA:24,0
DA:27,8
DA:30,8
DA:31,8
DA:32,1
DA:36,1
DA:40,7
DA:41,7
DA:44,7
DA:55,7
DA:56,7
DA:58,0
DA:60,0
DA:61,0
DA:65,7
DA:74,0
DA:75,0
DA:86,0
DA:87,0
DA:89,0
DA:98,0
DA:99,0
DA:103,0
DA:107,0
DA:108,0
DA:109,0
DA:110,0
DA:112,0
DA:118,0
DA:119,0
DA:130,3
DA:131,3
DA:132,3
DA:133,0
DA:138,0
DA:141,3
DA:144,3
DA:145,3
DA:146,1
DA:150,1
DA:154,2
DA:155,0
DA:159,0
DA:163,2
DA:164,0
DA:168,0
DA:172,2
DA:173,2
DA:174,1
DA:175,1
DA:179,1
DA:183,1
DA:184,0
DA:185,0
DA:190,0
DA:193,0
DA:194,0
DA:195,0
DA:196,0
DA:200,0
DA:205,1
DA:207,1
DA:208,1
DA:209,1
DA:211,1
DA:221,1
DA:227,1
DA:238,0
DA:239,0
DA:250,2
DA:251,2
DA:252,2
DA:253,0
DA:258,0
DA:261,2
DA:262,2
DA:265,2
DA:270,2
DA:271,1
DA:275,1
DA:276,1
DA:278,1
DA:279,1
DA:280,1
DA:283,1
DA:286,0
DA:287,0
DA:298,0
DA:299,0
DA:300,0
DA:301,0
DA:306,0
DA:309,0
DA:311,0
DA:320,0
DA:321,0
DA:325,0
DA:329,0
DA:330,0
DA:331,0
DA:332,0
DA:333,0
DA:334,0
DA:336,0
DA:342,0
DA:343,0
DA:354,0
DA:355,0
DA:356,0
DA:358,0
DA:359,0
DA:363,0
DA:366,0
DA:368,0
DA:369,0
DA:371,0
DA:381,0
DA:382,0
DA:393,0
DA:394,0
DA:395,0
DA:396,0
DA:401,0
DA:404,0
DA:405,0
DA:407,0
DA:408,0
DA:409,0
DA:413,0
DA:416,0
DA:417,0
DA:418,0
DA:422,0
DA:425,0
DA:426,0
DA:428,0
DA:434,0
DA:435,0
DA:446,0
LF:150
LH:58
BRDA:18,0,0,0
BRDA:18,0,1,8
BRDA:27,1,0,8
BRDA:31,2,0,1
BRDA:31,2,1,7
BRDA:60,3,0,0
BRDA:60,3,1,0
BRDA:98,4,0,0
BRDA:98,4,1,0
BRDA:132,5,0,0
BRDA:132,5,1,3
BRDA:145,6,0,1
BRDA:145,6,1,2
BRDA:154,7,0,0
BRDA:154,7,1,2
BRDA:163,8,0,0
BRDA:163,8,1,2
BRDA:173,9,0,1
BRDA:173,9,1,1
BRDA:183,10,0,0
BRDA:183,10,1,1
BRDA:184,11,0,0
BRDA:184,11,1,0
BRDA:194,12,0,0
BRDA:194,12,1,0
BRDA:207,13,0,1
BRDA:207,13,1,0
BRDA:208,14,0,1
BRDA:208,14,1,0
BRDA:209,15,0,1
BRDA:209,15,1,0
BRDA:252,16,0,0
BRDA:252,16,1,2
BRDA:270,17,0,1
BRDA:270,17,1,1
BRDA:300,18,0,0
BRDA:300,18,1,0
BRDA:320,19,0,0
BRDA:320,19,1,0
BRDA:358,20,0,0
BRDA:358,20,1,0
BRDA:395,21,0,0
BRDA:395,21,1,0
BRDA:408,22,0,0
BRDA:408,22,1,0
BRDA:408,23,0,0
BRDA:408,23,1,0
BRDA:417,24,0,0
BRDA:417,24,1,0
BRF:49
BRH:18
end_of_record
TN:
SF:src\middleware\authMiddleware.ts
FN:8,(anonymous_9)
FN:22,(anonymous_10)
FN:45,(anonymous_11)
FN:46,(anonymous_12)
FN:70,(anonymous_13)
FN:81,(anonymous_14)
FNF:6
FNH:0
FNDA:0,(anonymous_9)
FNDA:0,(anonymous_10)
FNDA:0,(anonymous_11)
FNDA:0,(anonymous_12)
FNDA:0,(anonymous_13)
FNDA:0,(anonymous_14)
DA:2,0
DA:8,0
DA:9,0
DA:10,0
DA:12,0
DA:13,0
DA:17,0
DA:20,0
DA:22,0
DA:23,0
DA:24,0
DA:28,0
DA:31,0
DA:32,0
DA:38,0
DA:45,0
DA:46,0
DA:47,0
DA:48,0
DA:52,0
DA:55,0
DA:56,0
DA:60,0
DA:63,0
DA:70,0
DA:71,0
DA:72,0
DA:74,0
DA:75,0
DA:76,0
DA:79,0
DA:81,0
DA:82,0
DA:83,0
DA:84,0
DA:90,0
LF:36
LH:0
BRDA:10,0,0,0
BRDA:10,0,1,0
BRDA:12,1,0,0
BRDA:12,1,1,0
BRDA:20,2,0,0
BRDA:20,2,1,0
BRDA:23,3,0,0
BRDA:23,3,1,0
BRDA:47,4,0,0
BRDA:47,4,1,0
BRDA:55,5,0,0
BRDA:55,5,1,0
BRDA:72,6,0,0
BRDA:72,6,1,0
BRDA:74,7,0,0
BRDA:74,7,1,0
BRDA:79,8,0,0
BRDA:79,8,1,0
BRDA:82,9,0,0
BRDA:82,9,1,0
BRF:20
BRH:0
end_of_record
TN:
SF:src\middleware\securityMiddleware.ts
FN:26,(anonymous_1)
FN:41,(anonymous_2)
FN:43,(anonymous_3)
FN:48,(anonymous_4)
FNF:4
FNH:4
FNDA:5,(anonymous_1)
FNDA:25,(anonymous_2)
FNDA:1099,(anonymous_3)
FNDA:1021,(anonymous_4)
DA:1,2
DA:5,2
DA:16,2
DA:26,2
DA:27,5
DA:28,5
DA:30,5
DA:31,3
DA:37,2
DA:41,2
DA:43,25
DA:44,1099
DA:45,1035
DA:47,64
DA:48,1021
DA:50,54
DA:51,40
DA:52,40
DA:53,53
DA:55,40
DA:57,14
DA:60,25
DA:61,25
LF:23
LH:23
BRDA:27,0,0,5
BRDA:27,0,1,2
BRDA:30,1,0,3
BRDA:30,1,1,2
BRDA:30,2,0,5
BRDA:30,2,1,4
BRDA:30,2,2,3
BRDA:44,3,0,1035
BRDA:44,3,1,64
BRDA:47,4,0,10
BRDA:47,4,1,54
BRDA:50,5,0,40
BRDA:50,5,1,14
BRDA:50,6,0,54
BRDA:50,6,1,43
BRF:15
BRH:15
end_of_record
TN:
SF:src\models\UserModel.ts
FN:57,(anonymous_1)
FN:62,(anonymous_2)
FN:67,(anonymous_3)
FN:71,(anonymous_4)
FN:77,(anonymous_5)
FN:87,(anonymous_6)
FN:94,(anonymous_7)
FNF:7
FNH:6
FNDA:4,(anonymous_1)
FNDA:15,(anonymous_2)
FNDA:0,(anonymous_3)
FNDA:2,(anonymous_4)
FNDA:2,(anonymous_5)
FNDA:2,(anonymous_6)
FNDA:8,(anonymous_7)
DA:1,3
DA:2,3
DA:31,3
DA:58,4
DA:59,4
DA:63,15
DA:64,15
DA:68,0
DA:72,2
DA:73,0
DA:78,2
DA:80,2
DA:81,0
DA:84,2
DA:88,2
DA:89,2
DA:90,2
DA:91,2
DA:95,8
DA:97,8
DA:98,8
DA:99,8
DA:100,8
DA:101,8
DA:105,3
LF:25
LH:22
BRDA:58,0,0,0
BRDA:58,0,1,4
BRDA:72,1,0,2
BRDA:72,1,1,0
BRDA:80,2,0,0
BRDA:80,2,1,2
BRF:6
BRH:3
end_of_record
TN:
SF:src\models\index.ts
FN:133,(anonymous_0)
FN:119,(anonymous_1)
FN:124,(anonymous_2)
FNF:3
FNH:3
FNDA:54,(anonymous_0)
FNDA:15,(anonymous_1)
FNDA:10,(anonymous_2)
DA:1,3
DA:2,3
DA:3,3
DA:6,3
DA:120,15
DA:121,15
DA:125,10
DA:126,0
DA:133,57
DA:134,3
LF:10
LH:9
BRDA:120,0,0,15
BRDA:120,0,1,0
BRDA:120,1,0,15
BRDA:120,1,1,15
BRDA:125,2,0,0
BRDA:125,2,1,10
BRDA:125,3,0,10
BRDA:125,3,1,0
BRDA:125,3,2,0
BRF:9
BRH:5
end_of_record
TN:
SF:src\repositories\UserRepository.ts
FN:15,(anonymous_0)
FN:19,(anonymous_1)
FN:23,(anonymous_2)
FN:27,(anonymous_3)
FN:35,(anonymous_4)
FN:40,(anonymous_5)
FN:51,(anonymous_6)
FNF:7
FNH:0
FNDA:0,(anonymous_0)
FNDA:0,(anonymous_1)
FNDA:0,(anonymous_2)
FNDA:0,(anonymous_3)
FNDA:0,(anonymous_4)
FNDA:0,(anonymous_5)
FNDA:0,(anonymous_6)
DA:1,0
DA:14,0
DA:16,0
DA:20,0
DA:24,0
DA:28,0
DA:29,0
DA:30,0
DA:32,0
DA:36,0
DA:37,0
DA:41,0
DA:52,0
LF:13
LH:0
BRDA:29,0,0,0
BRDA:29,0,1,0
BRF:2
BRH:0
end_of_record
TN:
SF:src\routes\authRoutes.ts
FN:101,(anonymous_10)
FN:103,(anonymous_11)
FN:133,(anonymous_12)
FNF:3
FNH:0
FNDA:0,(anonymous_10)
FNDA:0,(anonymous_11)
FNDA:0,(anonymous_12)
DA:1,1
DA:2,1
DA:3,1
DA:4,1
DA:5,1
DA:13,1
DA:14,1
DA:17,1
DA:28,1
DA:38,1
DA:45,1
DA:52,1
DA:59,1
DA:66,1
DA:73,1
DA:80,1
DA:87,1
DA:94,1
DA:101,1
DA:102,0
DA:103,0
DA:104,0
DA:106,0
DA:107,0
DA:113,0
DA:120,0
DA:121,0
DA:133,1
DA:135,0
DA:141,1
LF:30
LH:21
BRDA:106,0,0,0
BRDA:106,0,1,0
BRF:2
BRH:0
end_of_record
TN:
SF:src\services\AuthService.ts
FN:9,(anonymous_10)
FN:14,(anonymous_11)
FN:54,(anonymous_12)
FN:98,(anonymous_13)
FN:113,(anonymous_14)
FN:133,(anonymous_15)
FN:161,(anonymous_16)
FNF:7
FNH:7
FNDA:19,(anonymous_10)
FNDA:5,(anonymous_11)
FNDA:10,(anonymous_12)
FNDA:2,(anonymous_13)
FNDA:2,(anonymous_14)
FNDA:4,(anonymous_15)
FNDA:7,(anonymous_16)
DA:3,1
DA:4,1
DA:5,1
DA:6,1
DA:8,1
DA:10,19
DA:11,19
DA:16,5
DA:17,5
DA:18,1
DA:22,4
DA:23,4
DA:26,4
DA:36,4
DA:39,4
DA:40,4
DA:42,1
DA:43,1
DA:44,1
DA:48,4
DA:56,10
DA:57,9
DA:58,1
DA:62,8
DA:63,1
DA:67,7
DA:68,7
DA:69,1
DA:70,1
DA:74,6
DA:75,3
DA:76,1
DA:79,2
DA:80,2
DA:81,1
DA:86,4
DA:87,4
DA:90,4
DA:92,3
DA:99,2
DA:100,2
DA:101,1
DA:104,1
DA:110,1
DA:114,2
DA:115,2
DA:117,1
DA:120,1
DA:121,1
DA:123,1
DA:130,1
DA:134,4
DA:140,4
DA:144,4
DA:146,4
DA:152,3
DA:158,3
DA:162,7
LF:58
LH:58
BRDA:11,0,0,0
BRDA:11,1,0,0
BRDA:11,1,1,0
BRDA:17,2,0,1
BRDA:17,2,1,4
BRDA:31,3,0,4
BRDA:31,3,1,2
BRDA:43,4,0,1
BRDA:43,4,1,0
BRDA:57,5,0,1
BRDA:57,5,1,8
BRDA:62,6,0,1
BRDA:62,6,1,7
BRDA:62,7,0,8
BRDA:62,7,1,1
BRDA:68,8,0,1
BRDA:68,8,1,6
BRDA:74,9,0,3
BRDA:74,9,1,3
BRDA:75,10,0,1
BRDA:75,10,1,2
BRDA:80,11,0,1
BRDA:80,11,1,1
BRDA:100,12,0,1
BRDA:100,12,1,1
BRDA:115,13,0,1
BRDA:115,13,1,1
BRDA:149,14,0,4
BRDA:149,14,1,0
BRDA:155,15,0,3
BRDA:155,15,1,0
BRF:31
BRH:25
end_of_record
TN:
SF:src\services\emailService.ts
FN:17,sendVerificationEmail
FN:57,sendPasswordResetEmail
FN:97,verifyEmailService
FNF:3
FNH:0
FNDA:0,sendVerificationEmail
FNDA:0,sendPasswordResetEmail
FNDA:0,verifyEmailService
DA:1,0
DA:4,0
DA:17,0
DA:18,0
DA:20,0
DA:45,0
DA:46,0
DA:47,0
DA:49,0
DA:50,0
DA:57,0
DA:58,0
DA:60,0
DA:85,0
DA:86,0
DA:87,0
DA:89,0
DA:90,0
DA:97,0
DA:98,0
DA:99,0
DA:100,0
DA:101,0
DA:103,0
DA:104,0
LF:25
LH:0
BRDA:5,0,0,0
BRDA:5,0,1,0
BRDA:6,1,0,0
BRDA:6,1,1,0
BRDA:18,2,0,0
BRDA:18,2,1,0
BRDA:21,3,0,0
BRDA:21,3,1,0
BRDA:58,4,0,0
BRDA:58,4,1,0
BRDA:61,5,0,0
BRDA:61,5,1,0
BRF:12
BRH:0
end_of_record
TN:
SF:src\services\twoFactorService.ts
FN:7,generateTOTPSecret
FN:25,verifyTOTP
FN:37,generateBackupCodes
FNF:3
FNH:3
FNDA:12,generateTOTPSecret
FNDA:16,verifyTOTP
FNDA:8,generateBackupCodes
DA:1,5
DA:2,5
DA:7,5
DA:8,12
DA:14,12
DA:16,12
DA:25,5
DA:26,16
DA:37,5
DA:38,8
DA:40,8
DA:42,70
DA:43,70
DA:46,8
LF:14
LH:14
BRDA:10,0,0,12
BRDA:10,0,1,12
BRDA:37,1,0,6
BRF:3
BRH:3
end_of_record
TN:
SF:src\validators\authValidators.ts
FNF:0
FNH:0
DA:1,3
DA:6,3
DA:47,3
DA:68,3
DA:78,3
DA:95,3
DA:106,3
LF:7
LH:7
BRF:0
BRH:0
end_of_record
